<?xml version='1.0' encoding='UTF-8'?>
<testsuite hostname="Swapnali" name="com.lightbend.training.coffeehouse.CoffeeHouseSpec" tests="13" errors="0" failures="0" skipped="0" time="1.038" timestamp="2020-12-15T19:04:26">
                     <properties>
[...]
</properties>
                     <testcase classname="com.lightbend.training.coffeehouse.CoffeeHouseSpec" name="Creating CoffeeHouse should result in logging a status message at debug" time="0.141">
                                                 
                                               </testcase><testcase classname="com.lightbend.training.coffeehouse.CoffeeHouseSpec" name="Creating CoffeeHouse should result in creating a child actor with the name 'barista'" time="0.095">
                                                 
                                               </testcase><testcase classname="com.lightbend.training.coffeehouse.CoffeeHouseSpec" name="Creating CoffeeHouse should result in creating a child actor with the name 'waiter'" time="0.023">
                                                 
                                               </testcase><testcase classname="com.lightbend.training.coffeehouse.CoffeeHouseSpec" name="Sending CreateGuest to CoffeeHouse should result in creating a Guest" time="0.034">
                                                 
                                               </testcase><testcase classname="com.lightbend.training.coffeehouse.CoffeeHouseSpec" name="Sending CreateGuest to CoffeeHouse should result in logging status guest added to guest book" time="0.124">
                                                 
                                               </testcase><testcase classname="com.lightbend.training.coffeehouse.CoffeeHouseSpec" name="Sending ApproveCoffee to CoffeeHouse should result in forwarding PrepareCoffee to Barista if caffeineLimit not yet reached" time="0.053">
                                                 
                                               </testcase><testcase classname="com.lightbend.training.coffeehouse.CoffeeHouseSpec" name="Sending ApproveCoffee to CoffeeHouse should result in Barista sending a CoffeePrepared to Waiter if caffeineLimit not yet reached" time="0.042">
                                                 
                                               </testcase><testcase classname="com.lightbend.training.coffeehouse.CoffeeHouseSpec" name="Sending ApproveCoffee to CoffeeHouse should result in logging status guest caffeine count incremented" time="0.149">
                                                 
                                               </testcase><testcase classname="com.lightbend.training.coffeehouse.CoffeeHouseSpec" name="Sending ApproveCoffee to CoffeeHouse should result in logging a status message at info if caffeineLimit reached" time="0.131">
                                                 
                                               </testcase><testcase classname="com.lightbend.training.coffeehouse.CoffeeHouseSpec" name="Sending ApproveCoffee to CoffeeHouse should result in stopping the Guest if caffeineLimit reached" time="0.035">
                                                 
                                               </testcase><testcase classname="com.lightbend.training.coffeehouse.CoffeeHouseSpec" name="On termination of Guest, CoffeeHouse should result in logging a thanks message at info" time="0.142">
                                                 
                                               </testcase><testcase classname="com.lightbend.training.coffeehouse.CoffeeHouseSpec" name="On failure of Guest CoffeeHouse should stop it" time="0.035">
                                                 
                                               </testcase><testcase classname="com.lightbend.training.coffeehouse.CoffeeHouseSpec" name="On failure of Waiter CoffeeHouse should restart it and resend PrepareCoffee to Barista" time="0.034">
                                                 
                                               </testcase>
                     <system-out><![CDATA[]]></system-out>
                     <system-err><![CDATA[]]></system-err>
                   </testsuite>